#-----------------------------------------------------------
# Vivado v2018.3 (64-bit)
# SW Build 2405991 on Thu Dec  6 23:38:27 MST 2018
# IP Build 2404404 on Fri Dec  7 01:43:56 MST 2018
# Start of session at: Sat May 23 10:30:24 2020
# Process ID: 12880
# Current directory: C:/Users/Hassam/Desktop/DigitalCode/Project
# Command line: vivado.exe -gui_launcher_event rodinguilauncherevent900 C:\Users\Hassam\Desktop\DigitalCode\Project\Project.xpr
# Log file: C:/Users/Hassam/Desktop/DigitalCode/Project/vivado.log
# Journal file: C:/Users/Hassam/Desktop/DigitalCode/Project\vivado.jou
#-----------------------------------------------------------
start_gui
open_project C:/Users/Hassam/Desktop/DigitalCode/Project/Project.xpr
Scanning sources...
Finished scanning sources
INFO: [IP_Flow 19-234] Refreshing IP repositories
INFO: [IP_Flow 19-1704] No user IP repositories specified
INFO: [IP_Flow 19-2313] Loaded Vivado IP repository 'C:/Xilinx/Vivado/2018.3/data/ip'.
open_project: Time (s): cpu = 00:00:20 ; elapsed = 00:00:12 . Memory (MB): peak = 732.012 ; gain = 124.031
update_compile_order -fileset sources_1
launch_runs impl_1 -to_step write_bitstream -jobs 2
[Sat May 23 12:01:10 2020] Launched synth_1...
Run output will be captured here: C:/Users/Hassam/Desktop/DigitalCode/Project/Project.runs/synth_1/runme.log
[Sat May 23 12:01:10 2020] Launched impl_1...
Run output will be captured here: C:/Users/Hassam/Desktop/DigitalCode/Project/Project.runs/impl_1/runme.log
reset_run synth_1
launch_runs impl_1 -to_step write_bitstream -jobs 2
[Sat May 23 12:01:54 2020] Launched synth_1...
Run output will be captured here: C:/Users/Hassam/Desktop/DigitalCode/Project/Project.runs/synth_1/runme.log
[Sat May 23 12:01:54 2020] Launched impl_1...
Run output will be captured here: C:/Users/Hassam/Desktop/DigitalCode/Project/Project.runs/impl_1/runme.log
open_hw
connect_hw_server
INFO: [Labtools 27-2285] Connecting to hw_server url TCP:localhost:3121
INFO: [Labtools 27-2222] Launching hw_server...
INFO: [Labtools 27-2221] Launch Output:

****** Xilinx hw_server v2018.3
  **** Build date : Dec  7 2018-00:40:27
    ** Copyright 1986-2018 Xilinx, Inc. All Rights Reserved.


open_hw_target
INFO: [Labtoolstcl 44-466] Opening hw_target localhost:3121/xilinx_tcf/Digilent/210183712124A
open_hw_target: Time (s): cpu = 00:00:05 ; elapsed = 00:00:05 . Memory (MB): peak = 1726.648 ; gain = 933.012
set_property PROGRAM.FILE {C:/Users/Hassam/Desktop/DigitalCode/Project/Project.runs/impl_1/top_level.bit} [get_hw_devices xc7a35t_0]
current_hw_device [get_hw_devices xc7a35t_0]
refresh_hw_device -update_hw_probes false [lindex [get_hw_devices xc7a35t_0] 0]
INFO: [Labtools 27-1434] Device xc7a35t (JTAG device index = 0) is programmed with a design that has no supported debug core(s) in it.
set_property PROBES.FILE {} [get_hw_devices xc7a35t_0]
set_property FULL_PROBES.FILE {} [get_hw_devices xc7a35t_0]
set_property PROGRAM.FILE {C:/Users/Hassam/Desktop/DigitalCode/Project/Project.runs/impl_1/top_level.bit} [get_hw_devices xc7a35t_0]
program_hw_devices [get_hw_devices xc7a35t_0]
INFO: [Labtools 27-3164] End of startup status: HIGH
refresh_hw_device [lindex [get_hw_devices xc7a35t_0] 0]
INFO: [Labtools 27-1434] Device xc7a35t (JTAG device index = 0) is programmed with a design that has no supported debug core(s) in it.
set_property PROBES.FILE {} [get_hw_devices xc7a35t_0]
set_property FULL_PROBES.FILE {} [get_hw_devices xc7a35t_0]
set_property PROGRAM.FILE {C:/Users/Hassam/Desktop/DigitalCode/Project/Project.runs/impl_1/top_level.bit} [get_hw_devices xc7a35t_0]
program_hw_devices [get_hw_devices xc7a35t_0]
INFO: [Labtools 27-3164] End of startup status: HIGH
refresh_hw_device [lindex [get_hw_devices xc7a35t_0] 0]
INFO: [Labtools 27-1434] Device xc7a35t (JTAG device index = 0) is programmed with a design that has no supported debug core(s) in it.
ERROR: [Labtoolstcl 44-513] HW Target shutdown. Closing target: localhost:3121/xilinx_tcf/Digilent/210183712124A
